android/app/build/intermediates/manifest_merge_blame_file/release/processReleaseMainManifest/manifest-merger-blame-release-report.txt
1<?xml version="1.0" encoding="utf-8"?>
2<manifest xmlns:android="http://schemas.android.com/apk/res/android"
3    package="com.elitattoo.clients"
4    android:versionCode="1"
5    android:versionName="1.0" >
6
7    <uses-sdk
8        android:minSdkVersion="21"
9        android:targetSdkVersion="34" />
10    <!-- Permisiuni Internet -->
11    <uses-permission android:name="android.permission.INTERNET" />
11-->src/main/AndroidManifest.xml:3:5-66
11-->src/main/AndroidManifest.xml:3:22-64
12    <uses-permission android:name="android.permission.ACCESS_NETWORK_STATE" />
12-->src/main/AndroidManifest.xml:4:5-78
12-->src/main/AndroidManifest.xml:4:22-76
13
14    <!-- Permisiuni pentru cameră (necesare pentru scanarea QR) -->
15    <uses-permission android:name="android.permission.CAMERA" />
15-->src/main/AndroidManifest.xml:7:5-64
15-->src/main/AndroidManifest.xml:7:22-62
16
17    <!-- Permisiuni pentru locație (necesare pentru geofencing și iBeacon) -->
18    <uses-permission android:name="android.permission.ACCESS_FINE_LOCATION" />
18-->src/main/AndroidManifest.xml:10:5-78
18-->src/main/AndroidManifest.xml:10:22-76
19    <uses-permission android:name="android.permission.ACCESS_COARSE_LOCATION" />
19-->src/main/AndroidManifest.xml:11:5-80
19-->src/main/AndroidManifest.xml:11:22-78
20
21    <!-- Permisiuni pentru notificări -->
22    <uses-permission android:name="android.permission.POST_NOTIFICATIONS" />
22-->src/main/AndroidManifest.xml:14:5-76
22-->src/main/AndroidManifest.xml:14:22-74
23    <uses-permission android:name="android.permission.VIBRATE" />
23-->src/main/AndroidManifest.xml:15:5-65
23-->src/main/AndroidManifest.xml:15:22-63
24
25    <!-- Permisiuni pentru Bluetooth (iBeacon) -->
26    <uses-permission
26-->src/main/AndroidManifest.xml:18:5-67
27        android:name="android.permission.BLUETOOTH"
27-->src/main/AndroidManifest.xml:18:22-65
28        android:required="false" />
28-->[org.altbeacon:android-beacon-library:2.19] AndroidManifest.xml:12:9-33
29    <uses-permission
29-->src/main/AndroidManifest.xml:19:5-73
30        android:name="android.permission.BLUETOOTH_ADMIN"
30-->src/main/AndroidManifest.xml:19:22-71
31        android:required="false" />
31-->[org.altbeacon:android-beacon-library:2.19] AndroidManifest.xml:15:9-33
32    <uses-permission android:name="android.permission.BLUETOOTH_SCAN" />
32-->src/main/AndroidManifest.xml:20:5-72
32-->src/main/AndroidManifest.xml:20:22-70
33    <uses-permission android:name="android.permission.BLUETOOTH_CONNECT" />
33-->src/main/AndroidManifest.xml:21:5-75
33-->src/main/AndroidManifest.xml:21:22-73
34
35    <queries>
35-->src/main/AndroidManifest.xml:57:5-62:15
36        <intent>
36-->src/main/AndroidManifest.xml:58:9-61:18
37            <action android:name="android.intent.action.PROCESS_TEXT" />
37-->src/main/AndroidManifest.xml:59:13-72
37-->src/main/AndroidManifest.xml:59:21-70
38
39            <data android:mimeType="text/plain" />
39-->src/main/AndroidManifest.xml:60:13-50
39-->src/main/AndroidManifest.xml:60:19-48
40        </intent>
41        <!-- Needs to be explicitly declared on Android R+ -->
42        <package android:name="com.google.android.apps.maps" />
42-->[com.google.android.gms:play-services-maps:18.2.0] AndroidManifest.xml:33:9-64
42-->[com.google.android.gms:play-services-maps:18.2.0] AndroidManifest.xml:33:18-61
43    </queries>
44
45    <uses-permission android:name="android.permission.RECEIVE_BOOT_COMPLETED" />
45-->[org.altbeacon:android-beacon-library:2.19] AndroidManifest.xml:16:5-81
45-->[org.altbeacon:android-beacon-library:2.19] AndroidManifest.xml:16:22-78
46    <uses-permission android:name="android.permission.WAKE_LOCK" />
46-->[:firebase_analytics] AndroidManifest.xml:9:5-68
46-->[:firebase_analytics] AndroidManifest.xml:9:22-65
47    <uses-permission android:name="android.permission.USE_FULL_SCREEN_INTENT" />
47-->[:flutter_local_notifications] AndroidManifest.xml:9:5-81
47-->[:flutter_local_notifications] AndroidManifest.xml:9:22-78
48    <uses-permission android:name="android.permission.SCHEDULE_EXACT_ALARM" />
48-->[:flutter_local_notifications] AndroidManifest.xml:10:5-79
48-->[:flutter_local_notifications] AndroidManifest.xml:10:22-76
49
50    <uses-feature
50-->[:mobile_scanner] AndroidManifest.xml:9:5-11:36
51        android:name="android.hardware.camera"
51-->[:mobile_scanner] AndroidManifest.xml:10:9-47
52        android:required="false" />
52-->[:mobile_scanner] AndroidManifest.xml:11:9-33
53    <uses-feature
53-->[com.google.android.gms:play-services-maps:18.2.0] AndroidManifest.xml:26:5-28:35
54        android:glEsVersion="0x00020000"
54-->[com.google.android.gms:play-services-maps:18.2.0] AndroidManifest.xml:27:9-41
55        android:required="true" /> <!-- Required by older versions of Google Play services to create IID tokens -->
55-->[com.google.android.gms:play-services-maps:18.2.0] AndroidManifest.xml:28:9-32
56    <uses-permission android:name="com.google.android.c2dm.permission.RECEIVE" />
56-->[com.google.firebase:firebase-messaging:23.4.1] AndroidManifest.xml:26:5-82
56-->[com.google.firebase:firebase-messaging:23.4.1] AndroidManifest.xml:26:22-79
57    <uses-permission android:name="com.google.android.gms.permission.AD_ID" />
57-->[com.google.android.gms:play-services-measurement-api:21.6.1] AndroidManifest.xml:25:5-79
57-->[com.google.android.gms:play-services-measurement-api:21.6.1] AndroidManifest.xml:25:22-76
58    <uses-permission android:name="android.permission.ACCESS_ADSERVICES_ATTRIBUTION" />
58-->[com.google.android.gms:play-services-measurement-api:21.6.1] AndroidManifest.xml:26:5-88
58-->[com.google.android.gms:play-services-measurement-api:21.6.1] AndroidManifest.xml:26:22-85
59    <uses-permission android:name="android.permission.ACCESS_ADSERVICES_AD_ID" />
59-->[com.google.android.gms:play-services-measurement-api:21.6.1] AndroidManifest.xml:27:5-82
59-->[com.google.android.gms:play-services-measurement-api:21.6.1] AndroidManifest.xml:27:22-79
60    <uses-permission android:name="com.google.android.providers.gsf.permission.READ_GSERVICES" />
60-->[com.google.android.recaptcha:recaptcha:18.4.0] AndroidManifest.xml:9:5-98
60-->[com.google.android.recaptcha:recaptcha:18.4.0] AndroidManifest.xml:9:22-95
61    <uses-permission android:name="com.google.android.finsky.permission.BIND_GET_INSTALL_REFERRER_SERVICE" />
61-->[com.google.android.gms:play-services-measurement:21.6.1] AndroidManifest.xml:26:5-110
61-->[com.google.android.gms:play-services-measurement:21.6.1] AndroidManifest.xml:26:22-107
62
63    <permission
63-->[androidx.core:core:1.13.1] AndroidManifest.xml:22:5-24:47
64        android:name="com.elitattoo.clients.DYNAMIC_RECEIVER_NOT_EXPORTED_PERMISSION"
64-->[androidx.core:core:1.13.1] AndroidManifest.xml:23:9-81
65        android:protectionLevel="signature" />
65-->[androidx.core:core:1.13.1] AndroidManifest.xml:24:9-44
66
67    <uses-permission android:name="com.elitattoo.clients.DYNAMIC_RECEIVER_NOT_EXPORTED_PERMISSION" />
67-->[androidx.core:core:1.13.1] AndroidManifest.xml:26:5-97
67-->[androidx.core:core:1.13.1] AndroidManifest.xml:26:22-94
68
69    <application
70        android:name="android.app.Application"
70-->src/main/AndroidManifest.xml:25:9-42
71        android:appComponentFactory="androidx.core.app.CoreComponentFactory"
71-->[androidx.core:core:1.13.1] AndroidManifest.xml:28:18-86
72        android:enableOnBackInvokedCallback="true"
72-->src/main/AndroidManifest.xml:27:9-51
73        android:extractNativeLibs="true"
74        android:icon="@mipmap/ic_launcher"
74-->src/main/AndroidManifest.xml:26:9-43
75        android:label="eli_tattoo_new" >
75-->src/main/AndroidManifest.xml:24:9-39
76
77        <!-- Bibliotecă iBeacon -->
78        <uses-library
78-->src/main/AndroidManifest.xml:30:9-85
79            android:name="org.altbeacon.beacon"
79-->src/main/AndroidManifest.xml:30:23-58
80            android:required="false" />
80-->src/main/AndroidManifest.xml:30:59-83
81
82        <activity
82-->src/main/AndroidManifest.xml:32:9-50:20
83            android:name="com.elitattoo.clients.MainActivity"
83-->src/main/AndroidManifest.xml:33:13-41
84            android:configChanges="orientation|keyboardHidden|keyboard|screenSize|smallestScreenSize|locale|layoutDirection|fontScale|screenLayout|density|uiMode"
84-->src/main/AndroidManifest.xml:38:13-163
85            android:exported="true"
85-->src/main/AndroidManifest.xml:34:13-36
86            android:hardwareAccelerated="true"
86-->src/main/AndroidManifest.xml:39:13-47
87            android:launchMode="singleTop"
87-->src/main/AndroidManifest.xml:35:13-43
88            android:taskAffinity=""
88-->src/main/AndroidManifest.xml:36:13-36
89            android:theme="@style/LaunchTheme"
89-->src/main/AndroidManifest.xml:37:13-47
90            android:windowSoftInputMode="adjustResize" >
90-->src/main/AndroidManifest.xml:40:13-55
91            <meta-data
91-->src/main/AndroidManifest.xml:42:13-45:17
92                android:name="io.flutter.embedding.android.NormalTheme"
92-->src/main/AndroidManifest.xml:43:15-70
93                android:resource="@style/NormalTheme" />
93-->src/main/AndroidManifest.xml:44:15-52
94
95            <intent-filter>
95-->src/main/AndroidManifest.xml:46:13-49:29
96                <action android:name="android.intent.action.MAIN" />
96-->src/main/AndroidManifest.xml:47:17-68
96-->src/main/AndroidManifest.xml:47:25-66
97
98                <category android:name="android.intent.category.LAUNCHER" />
98-->src/main/AndroidManifest.xml:48:17-76
98-->src/main/AndroidManifest.xml:48:27-74
99            </intent-filter>
100        </activity>
101
102        <meta-data
102-->src/main/AndroidManifest.xml:52:9-54:33
103            android:name="flutterEmbedding"
103-->src/main/AndroidManifest.xml:53:13-44
104            android:value="2" />
104-->src/main/AndroidManifest.xml:54:13-30
105
106        <service
106-->[:location] AndroidManifest.xml:11:9-15:56
107            android:name="com.lyokone.location.FlutterLocationService"
107-->[:location] AndroidManifest.xml:12:13-71
108            android:enabled="true"
108-->[:location] AndroidManifest.xml:13:13-35
109            android:exported="false"
109-->[:location] AndroidManifest.xml:14:13-37
110            android:foregroundServiceType="location" />
110-->[:location] AndroidManifest.xml:15:13-53
111
112        <receiver
112-->[org.altbeacon:android-beacon-library:2.19] AndroidManifest.xml:20:9-28:20
113            android:name="org.altbeacon.beacon.startup.StartupBroadcastReceiver"
113-->[org.altbeacon:android-beacon-library:2.19] AndroidManifest.xml:21:13-81
114            android:exported="false" >
114-->[org.altbeacon:android-beacon-library:2.19] AndroidManifest.xml:22:13-37
115            <intent-filter>
115-->[org.altbeacon:android-beacon-library:2.19] AndroidManifest.xml:23:13-27:29
116                <action android:name="android.intent.action.BOOT_COMPLETED" />
116-->[org.altbeacon:android-beacon-library:2.19] AndroidManifest.xml:24:17-79
116-->[org.altbeacon:android-beacon-library:2.19] AndroidManifest.xml:24:25-76
117                <action android:name="android.intent.action.ACTION_POWER_CONNECTED" />
117-->[org.altbeacon:android-beacon-library:2.19] AndroidManifest.xml:25:17-87
117-->[org.altbeacon:android-beacon-library:2.19] AndroidManifest.xml:25:25-84
118                <action android:name="android.intent.action.ACTION_POWER_DISCONNECTED" />
118-->[org.altbeacon:android-beacon-library:2.19] AndroidManifest.xml:26:17-90
118-->[org.altbeacon:android-beacon-library:2.19] AndroidManifest.xml:26:25-87
119            </intent-filter>
120        </receiver>
121
122        <service
122-->[org.altbeacon:android-beacon-library:2.19] AndroidManifest.xml:30:9-35:38
123            android:name="org.altbeacon.beacon.service.BeaconService"
123-->[org.altbeacon:android-beacon-library:2.19] AndroidManifest.xml:31:13-70
124            android:enabled="true"
124-->[org.altbeacon:android-beacon-library:2.19] AndroidManifest.xml:32:13-35
125            android:exported="false"
125-->[org.altbeacon:android-beacon-library:2.19] AndroidManifest.xml:33:13-37
126            android:isolatedProcess="false"
126-->[org.altbeacon:android-beacon-library:2.19] AndroidManifest.xml:34:13-44
127            android:label="beacon" />
127-->[org.altbeacon:android-beacon-library:2.19] AndroidManifest.xml:35:13-35
128        <service
128-->[org.altbeacon:android-beacon-library:2.19] AndroidManifest.xml:36:9-39:40
129            android:name="org.altbeacon.beacon.BeaconIntentProcessor"
129-->[org.altbeacon:android-beacon-library:2.19] AndroidManifest.xml:37:13-70
130            android:enabled="true"
130-->[org.altbeacon:android-beacon-library:2.19] AndroidManifest.xml:38:13-35
131            android:exported="false" />
131-->[org.altbeacon:android-beacon-library:2.19] AndroidManifest.xml:39:13-37
132        <service
132-->[org.altbeacon:android-beacon-library:2.19] AndroidManifest.xml:40:9-50:19
133            android:name="org.altbeacon.beacon.service.ScanJob"
133-->[org.altbeacon:android-beacon-library:2.19] AndroidManifest.xml:41:13-64
134            android:exported="false"
134-->[org.altbeacon:android-beacon-library:2.19] AndroidManifest.xml:42:13-37
135            android:permission="android.permission.BIND_JOB_SERVICE" >
135-->[org.altbeacon:android-beacon-library:2.19] AndroidManifest.xml:43:13-69
136            <meta-data
136-->[org.altbeacon:android-beacon-library:2.19] AndroidManifest.xml:44:13-46:45
137                android:name="immediateScanJobId"
137-->[org.altbeacon:android-beacon-library:2.19] AndroidManifest.xml:45:17-50
138                android:value="208352939" />
138-->[org.altbeacon:android-beacon-library:2.19] AndroidManifest.xml:46:17-42
139            <meta-data
139-->[org.altbeacon:android-beacon-library:2.19] AndroidManifest.xml:47:13-49:45
140                android:name="periodicScanJobId"
140-->[org.altbeacon:android-beacon-library:2.19] AndroidManifest.xml:48:17-49
141                android:value="208352940" />
141-->[org.altbeacon:android-beacon-library:2.19] AndroidManifest.xml:49:17-42
142        </service>
143        <service
143-->[org.altbeacon:android-beacon-library:2.19] AndroidManifest.xml:51:9-58:19
144            android:name="org.altbeacon.bluetooth.BluetoothTestJob"
144-->[org.altbeacon:android-beacon-library:2.19] AndroidManifest.xml:52:13-68
145            android:exported="false"
145-->[org.altbeacon:android-beacon-library:2.19] AndroidManifest.xml:53:13-37
146            android:permission="android.permission.BIND_JOB_SERVICE" >
146-->[org.altbeacon:android-beacon-library:2.19] AndroidManifest.xml:54:13-69
147            <meta-data
147-->[org.altbeacon:android-beacon-library:2.19] AndroidManifest.xml:55:13-57:46
148                android:name="jobId"
148-->[org.altbeacon:android-beacon-library:2.19] AndroidManifest.xml:56:17-37
149                android:value="1799803768" />
149-->[org.altbeacon:android-beacon-library:2.19] AndroidManifest.xml:57:17-43
150        </service>
151        <service
151-->[:geolocator_android] AndroidManifest.xml:8:9-12:56
152            android:name="com.baseflow.geolocator.GeolocatorLocationService"
152-->[:geolocator_android] AndroidManifest.xml:9:13-77
153            android:enabled="true"
153-->[:geolocator_android] AndroidManifest.xml:10:13-35
154            android:exported="false"
154-->[:geolocator_android] AndroidManifest.xml:11:13-37
155            android:foregroundServiceType="location" />
155-->[:geolocator_android] AndroidManifest.xml:12:13-53
156        <service
156-->[:cloud_firestore] AndroidManifest.xml:8:9-12:19
157            android:name="com.google.firebase.components.ComponentDiscoveryService"
157-->[:cloud_firestore] AndroidManifest.xml:8:18-89
158            android:directBootAware="true"
158-->[com.google.firebase:firebase-common:20.4.3] AndroidManifest.xml:32:13-43
159            android:exported="false" >
159-->[com.google.firebase:firebase-auth:22.3.1] AndroidManifest.xml:68:13-37
160            <meta-data
160-->[:cloud_firestore] AndroidManifest.xml:9:13-11:85
161                android:name="com.google.firebase.components:io.flutter.plugins.firebase.firestore.FlutterFirebaseFirestoreRegistrar"
161-->[:cloud_firestore] AndroidManifest.xml:10:17-134
162                android:value="com.google.firebase.components.ComponentRegistrar" />
162-->[:cloud_firestore] AndroidManifest.xml:11:17-82
163            <meta-data
163-->[:firebase_analytics] AndroidManifest.xml:13:13-15:85
164                android:name="com.google.firebase.components:io.flutter.plugins.firebase.analytics.FlutterFirebaseAppRegistrar"
164-->[:firebase_analytics] AndroidManifest.xml:14:17-128
165                android:value="com.google.firebase.components.ComponentRegistrar" />
165-->[:firebase_analytics] AndroidManifest.xml:15:17-82
166            <meta-data
166-->[:firebase_auth] AndroidManifest.xml:9:13-11:85
167                android:name="com.google.firebase.components:io.flutter.plugins.firebase.auth.FlutterFirebaseAuthRegistrar"
167-->[:firebase_auth] AndroidManifest.xml:10:17-124
168                android:value="com.google.firebase.components.ComponentRegistrar" />
168-->[:firebase_auth] AndroidManifest.xml:11:17-82
169            <meta-data
169-->[:firebase_database] AndroidManifest.xml:9:13-11:85
170                android:name="com.google.firebase.components:io.flutter.plugins.firebase.database.FlutterFirebaseAppRegistrar"
170-->[:firebase_database] AndroidManifest.xml:10:17-127
171                android:value="com.google.firebase.components.ComponentRegistrar" />
171-->[:firebase_database] AndroidManifest.xml:11:17-82
172            <meta-data
172-->[:firebase_messaging] AndroidManifest.xml:36:13-38:85
173                android:name="com.google.firebase.components:io.flutter.plugins.firebase.messaging.FlutterFirebaseAppRegistrar"
173-->[:firebase_messaging] AndroidManifest.xml:37:17-128
174                android:value="com.google.firebase.components.ComponentRegistrar" />
174-->[:firebase_messaging] AndroidManifest.xml:38:17-82
175            <meta-data
175-->[:firebase_storage] AndroidManifest.xml:9:13-11:85
176                android:name="com.google.firebase.components:io.flutter.plugins.firebase.storage.FlutterFirebaseAppRegistrar"
176-->[:firebase_storage] AndroidManifest.xml:10:17-126
177                android:value="com.google.firebase.components.ComponentRegistrar" />
177-->[:firebase_storage] AndroidManifest.xml:11:17-82
178            <meta-data
178-->[:firebase_core] AndroidManifest.xml:9:13-11:85
179                android:name="com.google.firebase.components:io.flutter.plugins.firebase.core.FlutterFirebaseCoreRegistrar"
179-->[:firebase_core] AndroidManifest.xml:10:17-124
180                android:value="com.google.firebase.components.ComponentRegistrar" />
180-->[:firebase_core] AndroidManifest.xml:11:17-82
181            <meta-data
181-->[com.google.firebase:firebase-auth:22.3.1] AndroidManifest.xml:69:13-71:85
182                android:name="com.google.firebase.components:com.google.firebase.auth.FirebaseAuthRegistrar"
182-->[com.google.firebase:firebase-auth:22.3.1] AndroidManifest.xml:70:17-109
183                android:value="com.google.firebase.components.ComponentRegistrar" />
183-->[com.google.firebase:firebase-auth:22.3.1] AndroidManifest.xml:71:17-82
184            <meta-data
184-->[com.google.firebase:firebase-firestore:24.11.0] AndroidManifest.xml:17:13-19:85
185                android:name="com.google.firebase.components:com.google.firebase.firestore.FirebaseFirestoreKtxRegistrar"
185-->[com.google.firebase:firebase-firestore:24.11.0] AndroidManifest.xml:18:17-122
186                android:value="com.google.firebase.components.ComponentRegistrar" />
186-->[com.google.firebase:firebase-firestore:24.11.0] AndroidManifest.xml:19:17-82
187            <meta-data
187-->[com.google.firebase:firebase-firestore:24.11.0] AndroidManifest.xml:20:13-22:85
188                android:name="com.google.firebase.components:com.google.firebase.firestore.FirestoreRegistrar"
188-->[com.google.firebase:firebase-firestore:24.11.0] AndroidManifest.xml:21:17-111
189                android:value="com.google.firebase.components.ComponentRegistrar" />
189-->[com.google.firebase:firebase-firestore:24.11.0] AndroidManifest.xml:22:17-82
190            <meta-data
190-->[com.google.firebase:firebase-messaging:23.4.1] AndroidManifest.xml:57:13-59:85
191                android:name="com.google.firebase.components:com.google.firebase.messaging.FirebaseMessagingKtxRegistrar"
191-->[com.google.firebase:firebase-messaging:23.4.1] AndroidManifest.xml:58:17-122
192                android:value="com.google.firebase.components.ComponentRegistrar" />
192-->[com.google.firebase:firebase-messaging:23.4.1] AndroidManifest.xml:59:17-82
193            <meta-data
193-->[com.google.firebase:firebase-messaging:23.4.1] AndroidManifest.xml:60:13-62:85
194                android:name="com.google.firebase.components:com.google.firebase.messaging.FirebaseMessagingRegistrar"
194-->[com.google.firebase:firebase-messaging:23.4.1] AndroidManifest.xml:61:17-119
195                android:value="com.google.firebase.components.ComponentRegistrar" />
195-->[com.google.firebase:firebase-messaging:23.4.1] AndroidManifest.xml:62:17-82
196            <meta-data
196-->[com.google.firebase:firebase-storage:20.3.0] AndroidManifest.xml:30:13-32:85
197                android:name="com.google.firebase.components:com.google.firebase.storage.FirebaseStorageKtxRegistrar"
197-->[com.google.firebase:firebase-storage:20.3.0] AndroidManifest.xml:31:17-118
198                android:value="com.google.firebase.components.ComponentRegistrar" />
198-->[com.google.firebase:firebase-storage:20.3.0] AndroidManifest.xml:32:17-82
199            <meta-data
199-->[com.google.firebase:firebase-storage:20.3.0] AndroidManifest.xml:33:13-35:85
200                android:name="com.google.firebase.components:com.google.firebase.storage.StorageRegistrar"
200-->[com.google.firebase:firebase-storage:20.3.0] AndroidManifest.xml:34:17-107
201                android:value="com.google.firebase.components.ComponentRegistrar" />
201-->[com.google.firebase:firebase-storage:20.3.0] AndroidManifest.xml:35:17-82
202            <meta-data
202-->[com.google.firebase:firebase-database:20.3.1] AndroidManifest.xml:29:13-31:85
203                android:name="com.google.firebase.components:com.google.firebase.database.FirebaseDatabaseKtxRegistrar"
203-->[com.google.firebase:firebase-database:20.3.1] AndroidManifest.xml:30:17-120
204                android:value="com.google.firebase.components.ComponentRegistrar" />
204-->[com.google.firebase:firebase-database:20.3.1] AndroidManifest.xml:31:17-82
205            <meta-data
205-->[com.google.firebase:firebase-database:20.3.1] AndroidManifest.xml:32:13-34:85
206                android:name="com.google.firebase.components:com.google.firebase.database.DatabaseRegistrar"
206-->[com.google.firebase:firebase-database:20.3.1] AndroidManifest.xml:33:17-109
207                android:value="com.google.firebase.components.ComponentRegistrar" />
207-->[com.google.firebase:firebase-database:20.3.1] AndroidManifest.xml:34:17-82
208            <meta-data
208-->[com.google.firebase:firebase-appcheck:17.1.2] AndroidManifest.xml:25:13-27:85
209                android:name="com.google.firebase.components:com.google.firebase.appcheck.FirebaseAppCheckKtxRegistrar"
209-->[com.google.firebase:firebase-appcheck:17.1.2] AndroidManifest.xml:26:17-120
210                android:value="com.google.firebase.components.ComponentRegistrar" />
210-->[com.google.firebase:firebase-appcheck:17.1.2] AndroidManifest.xml:27:17-82
211            <meta-data
211-->[com.google.firebase:firebase-appcheck:17.1.2] AndroidManifest.xml:28:13-30:85
212                android:name="com.google.firebase.components:com.google.firebase.appcheck.FirebaseAppCheckRegistrar"
212-->[com.google.firebase:firebase-appcheck:17.1.2] AndroidManifest.xml:29:17-117
213                android:value="com.google.firebase.components.ComponentRegistrar" />
213-->[com.google.firebase:firebase-appcheck:17.1.2] AndroidManifest.xml:30:17-82
214            <meta-data
214-->[com.google.android.gms:play-services-measurement-api:21.6.1] AndroidManifest.xml:37:13-39:85
215                android:name="com.google.firebase.components:com.google.firebase.analytics.connector.internal.AnalyticsConnectorRegistrar"
215-->[com.google.android.gms:play-services-measurement-api:21.6.1] AndroidManifest.xml:38:17-139
216                android:value="com.google.firebase.components.ComponentRegistrar" />
216-->[com.google.android.gms:play-services-measurement-api:21.6.1] AndroidManifest.xml:39:17-82
217            <meta-data
217-->[com.google.firebase:firebase-installations:17.2.0] AndroidManifest.xml:15:13-17:85
218                android:name="com.google.firebase.components:com.google.firebase.installations.FirebaseInstallationsKtxRegistrar"
218-->[com.google.firebase:firebase-installations:17.2.0] AndroidManifest.xml:16:17-130
219                android:value="com.google.firebase.components.ComponentRegistrar" />
219-->[com.google.firebase:firebase-installations:17.2.0] AndroidManifest.xml:17:17-82
220            <meta-data
220-->[com.google.firebase:firebase-installations:17.2.0] AndroidManifest.xml:18:13-20:85
221                android:name="com.google.firebase.components:com.google.firebase.installations.FirebaseInstallationsRegistrar"
221-->[com.google.firebase:firebase-installations:17.2.0] AndroidManifest.xml:19:17-127
222                android:value="com.google.firebase.components.ComponentRegistrar" />
222-->[com.google.firebase:firebase-installations:17.2.0] AndroidManifest.xml:20:17-82
223            <meta-data
223-->[com.google.firebase:firebase-common-ktx:20.4.3] AndroidManifest.xml:12:13-14:85
224                android:name="com.google.firebase.components:com.google.firebase.ktx.FirebaseCommonLegacyRegistrar"
224-->[com.google.firebase:firebase-common-ktx:20.4.3] AndroidManifest.xml:13:17-116
225                android:value="com.google.firebase.components.ComponentRegistrar" />
225-->[com.google.firebase:firebase-common-ktx:20.4.3] AndroidManifest.xml:14:17-82
226            <meta-data
226-->[com.google.firebase:firebase-common:20.4.3] AndroidManifest.xml:35:13-37:85
227                android:name="com.google.firebase.components:com.google.firebase.FirebaseCommonKtxRegistrar"
227-->[com.google.firebase:firebase-common:20.4.3] AndroidManifest.xml:36:17-109
228                android:value="com.google.firebase.components.ComponentRegistrar" />
228-->[com.google.firebase:firebase-common:20.4.3] AndroidManifest.xml:37:17-82
229            <meta-data
229-->[com.google.firebase:firebase-datatransport:18.1.7] AndroidManifest.xml:27:13-29:85
230                android:name="com.google.firebase.components:com.google.firebase.datatransport.TransportRegistrar"
230-->[com.google.firebase:firebase-datatransport:18.1.7] AndroidManifest.xml:28:17-115
231                android:value="com.google.firebase.components.ComponentRegistrar" />
231-->[com.google.firebase:firebase-datatransport:18.1.7] AndroidManifest.xml:29:17-82
232        </service>
233        <service
233-->[:firebase_messaging] AndroidManifest.xml:14:9-17:72
234            android:name="io.flutter.plugins.firebase.messaging.FlutterFirebaseMessagingBackgroundService"
234-->[:firebase_messaging] AndroidManifest.xml:15:13-107
235            android:exported="false"
235-->[:firebase_messaging] AndroidManifest.xml:16:13-37
236            android:permission="android.permission.BIND_JOB_SERVICE" />
236-->[:firebase_messaging] AndroidManifest.xml:17:13-69
237        <service
237-->[:firebase_messaging] AndroidManifest.xml:18:9-24:19
238            android:name="io.flutter.plugins.firebase.messaging.FlutterFirebaseMessagingService"
238-->[:firebase_messaging] AndroidManifest.xml:19:13-97
239            android:exported="false" >
239-->[:firebase_messaging] AndroidManifest.xml:20:13-37
240            <intent-filter>
240-->[:firebase_messaging] AndroidManifest.xml:21:13-23:29
241                <action android:name="com.google.firebase.MESSAGING_EVENT" />
241-->[:firebase_messaging] AndroidManifest.xml:22:17-78
241-->[:firebase_messaging] AndroidManifest.xml:22:25-75
242            </intent-filter>
243        </service>
244
245        <receiver
245-->[:firebase_messaging] AndroidManifest.xml:26:9-33:20
246            android:name="io.flutter.plugins.firebase.messaging.FlutterFirebaseMessagingReceiver"
246-->[:firebase_messaging] AndroidManifest.xml:27:13-98
247            android:exported="true"
247-->[:firebase_messaging] AndroidManifest.xml:28:13-36
248            android:permission="com.google.android.c2dm.permission.SEND" >
248-->[:firebase_messaging] AndroidManifest.xml:29:13-73
249            <intent-filter>
249-->[:firebase_messaging] AndroidManifest.xml:30:13-32:29
250                <action android:name="com.google.android.c2dm.intent.RECEIVE" />
250-->[:firebase_messaging] AndroidManifest.xml:31:17-81
250-->[:firebase_messaging] AndroidManifest.xml:31:25-78
251            </intent-filter>
252        </receiver>
253
254        <provider
254-->[:firebase_messaging] AndroidManifest.xml:41:9-45:38
255            android:name="io.flutter.plugins.firebase.messaging.FlutterFirebaseMessagingInitProvider"
255-->[:firebase_messaging] AndroidManifest.xml:42:13-102
256            android:authorities="com.elitattoo.clients.flutterfirebasemessaginginitprovider"
256-->[:firebase_messaging] AndroidManifest.xml:43:13-88
257            android:exported="false"
257-->[:firebase_messaging] AndroidManifest.xml:44:13-37
258            android:initOrder="99" />
258-->[:firebase_messaging] AndroidManifest.xml:45:13-35
259
260        <receiver
260-->[:flutter_local_notifications] AndroidManifest.xml:14:9-16:40